<?xml version="1.0" encoding="UTF-8"?>
<!-- Generated by org.testng.reporters.JUnitReportReporter -->
<testsuite hostname="LAPTOP-1RGMJ9DD" failures="0" tests="1" name="in.sportyshoes.testscripts.BuyShoes" time="4.519" errors="0" timestamp="2023-08-24T11:59:18 IST" skipped="0">
  <testcase classname="in.sportyshoes.testscripts.BuyShoes" name="buyShoes" time="4.519"/>
</testsuite> <!-- in.sportyshoes.testscripts.BuyShoes -->
