<?xml version="1.0" encoding="UTF-8"?>
<!-- Generated by org.testng.reporters.JUnitReportReporter -->
<testsuite hostname="LAPTOP-1RGMJ9DD" failures="0" tests="1" name="in.sportyshoes.ApiTestAssured.GETDemo2" time="0.883" errors="0" timestamp="2023-08-24T11:37:07 IST" skipped="0">
  <testcase classname="in.sportyshoes.ApiTestAssured.GETDemo2" name="getServerResponse" time="0.883"/>
  <system-out/>
</testsuite> <!-- in.sportyshoes.ApiTestAssured.GETDemo2 -->
