<?xml version="1.0" encoding="UTF-8"?>
<!-- Generated by org.testng.reporters.JUnitReportReporter -->
<testsuite hostname="LAPTOP-1RGMJ9DD" failures="0" tests="1" name="in.sportyshoes.ApiTestAssured.POSTDemo" time="1.138" errors="0" timestamp="2023-08-24T13:40:54 IST" skipped="0">
  <testcase classname="in.sportyshoes.ApiTestAssured.POSTDemo" name="getServerResponse" time="1.138"/>
  <system-out/>
</testsuite> <!-- in.sportyshoes.ApiTestAssured.POSTDemo -->
