<?xml version="1.0" encoding="UTF-8"?>
<!-- Generated by org.testng.reporters.JUnitReportReporter -->
<testsuite hostname="LAPTOP-1RGMJ9DD" failures="0" tests="1" name="in.sportyshoes.ApiTestAssured.GETDemo" time="1.005" errors="0" timestamp="2023-08-24T11:35:22 IST" skipped="0">
  <testcase classname="in.sportyshoes.ApiTestAssured.GETDemo" name="getServerResponse" time="1.005"/>
  <system-out/>
</testsuite> <!-- in.sportyshoes.ApiTestAssured.GETDemo -->
