<?xml version="1.0" encoding="UTF-8"?>
<!-- Generated by org.testng.reporters.JUnitReportReporter -->
<testsuite hostname="LAPTOP-1RGMJ9DD" failures="0" tests="1" name="in.amazon.ApiTestAssured.GETDemoBearerToken" time="1.272" errors="0" timestamp="2023-08-22T10:40:21 IST" skipped="0">
  <testcase classname="in.amazon.ApiTestAssured.GETDemoBearerToken" name="verifyResource" time="1.272"/>
  <system-out/>
</testsuite> <!-- in.amazon.ApiTestAssured.GETDemoBearerToken -->
