<?xml version="1.0" encoding="UTF-8"?>
<!-- Generated by org.testng.reporters.JUnitReportReporter -->
<testsuite hostname="LAPTOP-1RGMJ9DD" failures="0" tests="1" name="in.amazon.ApiTestAssured.APIKeyDemo" time="1.733" errors="0" timestamp="2023-08-18T09:14:05 IST" skipped="0">
  <testcase classname="in.amazon.ApiTestAssured.APIKeyDemo" name="getweatherInfo" time="1.733"/>
  <system-out/>
</testsuite> <!-- in.amazon.ApiTestAssured.APIKeyDemo -->
