<?xml version="1.0" encoding="UTF-8"?>
<!-- Generated by org.testng.reporters.JUnitReportReporter -->
<testsuite hostname="LAPTOP-1RGMJ9DD" failures="0" tests="5" name="in.amazon.ApiTestAssured.Create_Update_Delete__Resource" time="2.585" errors="0" timestamp="2023-08-21T12:31:11 IST" skipped="0">
  <testcase classname="in.amazon.ApiTestAssured.Create_Update_Delete__Resource" name="createPlayload" time="0.227"/>
  <system-out/>
  <testcase classname="in.amazon.ApiTestAssured.Create_Update_Delete__Resource" name="createResource" time="1.500"/>
  <system-out/>
  <testcase classname="in.amazon.ApiTestAssured.Create_Update_Delete__Resource" name="verifyResource" time="0.242"/>
  <system-out/>
  <testcase classname="in.amazon.ApiTestAssured.Create_Update_Delete__Resource" name="updateResource" time="0.376"/>
  <system-out/>
  <testcase classname="in.amazon.ApiTestAssured.Create_Update_Delete__Resource" name="deleteResource" time="0.240"/>
  <system-out/>
</testsuite> <!-- in.amazon.ApiTestAssured.Create_Update_Delete__Resource -->
