<?xml version="1.0" encoding="UTF-8"?>
<!-- Generated by org.testng.reporters.JUnitReportReporter -->
<testsuite hostname="LAPTOP-1RGMJ9DD" failures="0" tests="1" name="in.amazon.ApiTestAssured.PUTDemo" time="1.509" errors="0" timestamp="2023-08-17T10:52:22 IST" skipped="0">
  <testcase classname="in.amazon.ApiTestAssured.PUTDemo" name="updateResource" time="1.509"/>
  <system-out/>
</testsuite> <!-- in.amazon.ApiTestAssured.PUTDemo -->
