<?xml version="1.0" encoding="UTF-8"?>
<!-- Generated by org.testng.reporters.JUnitReportReporter -->
<testsuite hostname="LAPTOP-1RGMJ9DD" failures="0" tests="1" name="in.amazon.ApiTestAssured.BearerTokenDemo" time="4.735" errors="0" timestamp="2023-08-19T18:30:09 IST" skipped="0">
  <testcase classname="in.amazon.ApiTestAssured.BearerTokenDemo" name="createResource" time="4.735"/>
  <system-out/>
</testsuite> <!-- in.amazon.ApiTestAssured.BearerTokenDemo -->
