<?xml version="1.0" encoding="UTF-8"?>
<!-- Generated by org.testng.reporters.JUnitReportReporter -->
<testsuite hostname="LAPTOP-1RGMJ9DD" failures="0" tests="1" name="in.amazon.ApiTestAssured.VerifyCurrencyName" time="1.919" errors="0" timestamp="2023-08-18T12:10:40 IST" skipped="0">
  <testcase classname="in.amazon.ApiTestAssured.VerifyCurrencyName" name="verifyCurrencyName" time="1.919"/>
  <system-out/>
</testsuite> <!-- in.amazon.ApiTestAssured.VerifyCurrencyName -->
