<?xml version="1.0" encoding="UTF-8"?>
<!-- Generated by org.testng.reporters.JUnitReportReporter -->
<testsuite hostname="LAPTOP-1RGMJ9DD" failures="0" tests="1" name="in.amazon.ApiTestAssured.DELETEDemo" time="1.689" errors="0" timestamp="2023-08-17T11:32:20 IST" skipped="0">
  <testcase classname="in.amazon.ApiTestAssured.DELETEDemo" name="deleteResources" time="1.689"/>
  <system-out/>
</testsuite> <!-- in.amazon.ApiTestAssured.DELETEDemo -->
