<?xml version="1.0" encoding="UTF-8"?>
<!-- Generated by org.testng.reporters.JUnitReportReporter -->
<testsuite hostname="LAPTOP-1RGMJ9DD" failures="0" tests="1" name="in.amazon.ApiTestAssured.SOAPDemo" time="1.605" errors="0" timestamp="2023-08-22T10:17:19 IST" skipped="0">
  <testcase classname="in.amazon.ApiTestAssured.SOAPDemo" name="getCapital" time="1.605"/>
  <system-out/>
</testsuite> <!-- in.amazon.ApiTestAssured.SOAPDemo -->
